<?xml version="1.0" encoding="UTF-8"?>
<!-- Generated by org.testng.reporters.JUnitXMLReporter -->
<testsuite hostname="rupesh" ignored="0" name="Default test" tests="4" failures="0" timestamp="25 Mar 2019 23:08:06 GMT" time="46.99" errors="0">
  <testcase name="VerifyLogoofthePage" time="0.637" classname="com.TestCases.LoginPageTest"/>
  <testcase name="VerifyTitleofthePage" time="0.503" classname="com.TestCases.LoginPageTest"/>
  <testcase name="VerifyErrorMessageWithInvaliduspw" time="6.797" classname="com.TestCases.LoginPageTest"/>
  <testcase name="VerifyLoginPage" time="2.774" classname="com.TestCases.LoginPageTest"/>
</testsuite> <!-- Default test -->
