<?xml version="1.0" encoding="UTF-8"?>
<!-- Generated by org.testng.reporters.JUnitXMLReporter -->
<testsuite hostname="rupesh" ignored="0" name="TechFios Test Case " tests="4" failures="0" timestamp="25 Mar 2019 23:13:22 GMT" time="36.119" errors="0">
  <testcase name="VerifyLogoofthePage" time="0.58" classname="com.TestCases.LoginPageTest"/>
  <testcase name="VerifyTitleofthePage" time="0.555" classname="com.TestCases.LoginPageTest"/>
  <testcase name="VerifyErrorMessageWithInvaliduspw" time="6.734" classname="com.TestCases.LoginPageTest"/>
  <testcase name="VerifyLoginPage" time="2.506" classname="com.TestCases.LoginPageTest"/>
</testsuite> <!-- TechFios Test Case  -->
