<?xml version="1.0" encoding="UTF-8"?>
<testng-results skipped="0" failed="0" ignored="0" total="4" passed="4">
  <reporter-output>
  </reporter-output>
  <suite name="Regression Suite" duration-ms="36119" started-at="2019-03-25T23:12:46Z" finished-at="2019-03-25T23:13:22Z">
    <groups>
    </groups>
    <test name="TechFios Test Case " duration-ms="36119" started-at="2019-03-25T23:12:46Z" finished-at="2019-03-25T23:13:22Z">
      <class name="com.TestCases.LoginPageTest">
        <test-method status="PASS" signature="log()[pri:0, instance:com.TestCases.LoginPageTest@5a8806ef]" name="log" is-config="true" duration-ms="40" started-at="2019-03-25T23:12:46Z" finished-at="2019-03-25T23:12:46Z">
          <reporter-output>
          </reporter-output>
        </test-method> <!-- log -->
        <test-method status="PASS" signature="SetUp()[pri:0, instance:com.TestCases.LoginPageTest@5a8806ef]" name="SetUp" is-config="true" duration-ms="7010" started-at="2019-03-25T23:12:46Z" finished-at="2019-03-25T23:12:53Z">
          <reporter-output>
          </reporter-output>
        </test-method> <!-- SetUp -->
        <test-method status="PASS" signature="VerifyLogoofthePage()[pri:0, instance:com.TestCases.LoginPageTest@5a8806ef]" name="VerifyLogoofthePage" duration-ms="580" started-at="2019-03-25T23:12:53Z" finished-at="2019-03-25T23:12:53Z">
          <reporter-output>
          </reporter-output>
        </test-method> <!-- VerifyLogoofthePage -->
        <test-method status="PASS" signature="TearDown()[pri:0, instance:com.TestCases.LoginPageTest@5a8806ef]" name="TearDown" is-config="true" duration-ms="657" started-at="2019-03-25T23:12:53Z" finished-at="2019-03-25T23:12:54Z">
          <reporter-output>
          </reporter-output>
        </test-method> <!-- TearDown -->
        <test-method status="PASS" signature="SetUp()[pri:0, instance:com.TestCases.LoginPageTest@5a8806ef]" name="SetUp" is-config="true" duration-ms="4807" started-at="2019-03-25T23:12:54Z" finished-at="2019-03-25T23:12:59Z">
          <reporter-output>
          </reporter-output>
        </test-method> <!-- SetUp -->
        <test-method status="PASS" signature="VerifyTitleofthePage()[pri:1, instance:com.TestCases.LoginPageTest@5a8806ef]" name="VerifyTitleofthePage" duration-ms="555" started-at="2019-03-25T23:12:59Z" finished-at="2019-03-25T23:12:59Z">
          <reporter-output>
          </reporter-output>
        </test-method> <!-- VerifyTitleofthePage -->
        <test-method status="PASS" signature="TearDown()[pri:0, instance:com.TestCases.LoginPageTest@5a8806ef]" name="TearDown" is-config="true" duration-ms="664" started-at="2019-03-25T23:12:59Z" finished-at="2019-03-25T23:13:00Z">
          <reporter-output>
          </reporter-output>
        </test-method> <!-- TearDown -->
        <test-method status="PASS" signature="SetUp()[pri:0, instance:com.TestCases.LoginPageTest@5a8806ef]" name="SetUp" is-config="true" duration-ms="5379" started-at="2019-03-25T23:13:00Z" finished-at="2019-03-25T23:13:05Z">
          <reporter-output>
          </reporter-output>
        </test-method> <!-- SetUp -->
        <test-method status="PASS" signature="VerifyErrorMessageWithInvaliduspw()[pri:2, instance:com.TestCases.LoginPageTest@5a8806ef]" name="VerifyErrorMessageWithInvaliduspw" duration-ms="6734" started-at="2019-03-25T23:13:05Z" finished-at="2019-03-25T23:13:12Z">
          <reporter-output>
          </reporter-output>
        </test-method> <!-- VerifyErrorMessageWithInvaliduspw -->
        <test-method status="PASS" signature="TearDown()[pri:0, instance:com.TestCases.LoginPageTest@5a8806ef]" name="TearDown" is-config="true" duration-ms="648" started-at="2019-03-25T23:13:12Z" finished-at="2019-03-25T23:13:13Z">
          <reporter-output>
          </reporter-output>
        </test-method> <!-- TearDown -->
        <test-method status="PASS" signature="SetUp()[pri:0, instance:com.TestCases.LoginPageTest@5a8806ef]" name="SetUp" is-config="true" duration-ms="5815" started-at="2019-03-25T23:13:13Z" finished-at="2019-03-25T23:13:19Z">
          <reporter-output>
          </reporter-output>
        </test-method> <!-- SetUp -->
        <test-method status="PASS" signature="VerifyLoginPage()[pri:3, instance:com.TestCases.LoginPageTest@5a8806ef]" name="VerifyLoginPage" duration-ms="2506" started-at="2019-03-25T23:13:19Z" finished-at="2019-03-25T23:13:21Z">
          <reporter-output>
          </reporter-output>
        </test-method> <!-- VerifyLoginPage -->
        <test-method status="PASS" signature="TearDown()[pri:0, instance:com.TestCases.LoginPageTest@5a8806ef]" name="TearDown" is-config="true" duration-ms="693" started-at="2019-03-25T23:13:21Z" finished-at="2019-03-25T23:13:22Z">
          <reporter-output>
          </reporter-output>
        </test-method> <!-- TearDown -->
      </class> <!-- com.TestCases.LoginPageTest -->
    </test> <!-- TechFios Test Case  -->
  </suite> <!-- Regression Suite -->
</testng-results>
